<?xml version="1.0" encoding="UTF-8"?>
<!-- Generated by org.testng.reporters.JUnitReportReporter -->
<testsuite hostname="WX-5CG1285KPX" failures="0" tests="2" name="APITest.Api_Testing.Sample" time="0.005" errors="0" timestamp="2022-10-08T17:48:01 IST" skipped="0">
  <testcase classname="APITest.Api_Testing.Sample" name="getData" time="0.005"/>
  <system-out/>
  <testcase classname="APITest.Api_Testing.Sample" name="getData" time="0.000"/>
  <system-out/>
</testsuite> <!-- APITest.Api_Testing.Sample -->
